<?xml version="1.0" encoding="UTF-8"?>
<!-- Generated by org.testng.reporters.JUnitReportReporter -->
<testsuite name="com.automation.training.tests.TravelocityTestsFour" tests="1" time="27.832" ignored="0" failures="0" timestamp="17 abr 2020 00:08:21 GMT" skipped="0" hostname="CO-IT005951" errors="0">
  <testcase name="testTravelocity" time="27.832" classname="com.automation.training.tests.TravelocityTestsFour"/>
</testsuite> <!-- com.automation.training.tests.TravelocityTestsFour -->
