<?xml version="1.0" encoding="UTF-8"?>
<!-- Generated by org.testng.reporters.JUnitReportReporter -->
<testsuite name="com.automation.training.tests.TravelocityTestsFive" tests="1" time="26.694" ignored="0" failures="0" timestamp="25 may 2020 22:26:12 GMT" skipped="0" hostname="CO-IT005951" errors="0">
  <testcase name="testTravelocity" time="26.694" classname="com.automation.training.tests.TravelocityTestsFive"/>
</testsuite> <!-- com.automation.training.tests.TravelocityTestsFive -->
