<?xml version="1.0" encoding="UTF-8"?>
<!-- Generated by org.testng.reporters.JUnitReportReporter -->
<testsuite name="com.automation.training.tests.TravelocityTestsTwo" tests="1" time="208.636" ignored="0" failures="0" timestamp="25 may 2020 21:45:27 GMT" skipped="0" hostname="CO-IT005951" errors="0">
  <testcase name="testTravelocity" time="208.636" classname="com.automation.training.tests.TravelocityTestsTwo"/>
</testsuite> <!-- com.automation.training.tests.TravelocityTestsTwo -->
