<?xml version="1.0" encoding="UTF-8"?>
<!-- Generated by org.testng.reporters.JUnitReportReporter -->
<testsuite name="com.automation.training.tests.TravelocityTestsOne" tests="1" time="8.587" ignored="8" failures="0" timestamp="10 may 2021 05:27:36 GMT" skipped="0" hostname="CO-IT005951" errors="0">
  <testcase name="testTravelocityFromToAndDataPicker" time="8.587" classname="com.automation.training.tests.TravelocityTestsOne"/>
  <testcase name="test3SortingByDurationShorter" classname="com.automation.training.tests.TravelocityTestsOne">
    <skipped/>
  </testcase> <!-- test3SortingByDurationShorter -->
  <testcase name="test5SelectThirdResult" classname="com.automation.training.tests.TravelocityTestsOne">
    <skipped/>
  </testcase> <!-- test5SelectThirdResult -->
  <testcase name="test2CFlightDurationIsPresentOnEveryResult" classname="com.automation.training.tests.TravelocityTestsOne">
    <skipped/>
  </testcase> <!-- test2CFlightDurationIsPresentOnEveryResult -->
  <testcase name="test2DsearchResultsAndDetailsAndBags" classname="com.automation.training.tests.TravelocityTestsOne">
    <skipped/>
  </testcase> <!-- test2DsearchResultsAndDetailsAndBags -->
  <testcase name="test2ADropDownSorting" classname="com.automation.training.tests.TravelocityTestsOne">
    <skipped/>
  </testcase> <!-- test2ADropDownSorting -->
  <testcase name="test4SelectFirstResult" classname="com.automation.training.tests.TravelocityTestsOne">
    <skipped/>
  </testcase> <!-- test4SelectFirstResult -->
  <testcase name="test7_8" classname="com.automation.training.tests.TravelocityTestsOne">
    <skipped/>
  </testcase> <!-- test7_8 -->
  <testcase name="test6VerifyTripDetails" classname="com.automation.training.tests.TravelocityTestsOne">
    <skipped/>
  </testcase> <!-- test6VerifyTripDetails -->
</testsuite> <!-- com.automation.training.tests.TravelocityTestsOne -->
