<?xml version="1.0" encoding="UTF-8"?>
<!-- Generated by org.testng.reporters.JUnitReportReporter -->
<testsuite name="com.automation.training.tests.TravelocityTestsOne" tests="1" time="7.745" ignored="4" failures="0" timestamp="04 may 2021 05:14:44 GMT" skipped="0" hostname="CO-IT005951" errors="0">
  <testcase name="test3SortingByDurationShorter" time="7.745" classname="com.automation.training.tests.TravelocityTestsOne"/>
  <testcase name="test2CFlightDurationIsPresentOnEveryResult" classname="com.automation.training.tests.TravelocityTestsOne">
    <skipped/>
  </testcase> <!-- test2CFlightDurationIsPresentOnEveryResult -->
  <testcase name="testTravelocityFromToAndDataPicker" classname="com.automation.training.tests.TravelocityTestsOne">
    <skipped/>
  </testcase> <!-- testTravelocityFromToAndDataPicker -->
  <testcase name="test2DsearchResultsAndDetailsAndBags" classname="com.automation.training.tests.TravelocityTestsOne">
    <skipped/>
  </testcase> <!-- test2DsearchResultsAndDetailsAndBags -->
  <testcase name="test2ADropDownSorting" classname="com.automation.training.tests.TravelocityTestsOne">
    <skipped/>
  </testcase> <!-- test2ADropDownSorting -->
</testsuite> <!-- com.automation.training.tests.TravelocityTestsOne -->
