<?xml version="1.0" encoding="UTF-8"?>
<!-- Generated by org.testng.reporters.JUnitReportReporter -->
<testsuite name="com.automation.training.tests.TravelocityTestsOne" tests="4" time="35.912" ignored="8" failures="0" timestamp="10 may 2021 04:23:24 GMT" skipped="0" hostname="CO-IT005951" errors="0">
  <testcase name="test2ADropDownSorting" time="7.888" classname="com.automation.training.tests.TravelocityTestsOne"/>
  <testcase name="test2ADropDownSorting" time="11.544" classname="com.automation.training.tests.TravelocityTestsOne"/>
  <testcase name="test2ADropDownSorting" time="8.187" classname="com.automation.training.tests.TravelocityTestsOne"/>
  <testcase name="test2ADropDownSorting" time="8.293" classname="com.automation.training.tests.TravelocityTestsOne"/>
  <testcase name="test3SortingByDurationShorter" classname="com.automation.training.tests.TravelocityTestsOne">
    <skipped/>
  </testcase> <!-- test3SortingByDurationShorter -->
  <testcase name="test5SelectThirdResult" classname="com.automation.training.tests.TravelocityTestsOne">
    <skipped/>
  </testcase> <!-- test5SelectThirdResult -->
  <testcase name="test2CFlightDurationIsPresentOnEveryResult" classname="com.automation.training.tests.TravelocityTestsOne">
    <skipped/>
  </testcase> <!-- test2CFlightDurationIsPresentOnEveryResult -->
  <testcase name="testTravelocityFromToAndDataPicker" classname="com.automation.training.tests.TravelocityTestsOne">
    <skipped/>
  </testcase> <!-- testTravelocityFromToAndDataPicker -->
  <testcase name="test2DsearchResultsAndDetailsAndBags" classname="com.automation.training.tests.TravelocityTestsOne">
    <skipped/>
  </testcase> <!-- test2DsearchResultsAndDetailsAndBags -->
  <testcase name="test4SelectFirstResult" classname="com.automation.training.tests.TravelocityTestsOne">
    <skipped/>
  </testcase> <!-- test4SelectFirstResult -->
  <testcase name="test7_8" classname="com.automation.training.tests.TravelocityTestsOne">
    <skipped/>
  </testcase> <!-- test7_8 -->
  <testcase name="test6VerifyTripDetails" classname="com.automation.training.tests.TravelocityTestsOne">
    <skipped/>
  </testcase> <!-- test6VerifyTripDetails -->
</testsuite> <!-- com.automation.training.tests.TravelocityTestsOne -->
